<?xml version="1.0" encoding="UTF-8"?>
<testsuite name="io.hasli.maelstrom.zmq.MessageTestHarnessTest" tests="1" skipped="0" failures="0" errors="0" timestamp="2016-02-20T22:11:40" hostname="haswelldev" time="0.112">
  <properties/>
  <testcase name="ensureSendingWorks" classname="io.hasli.maelstrom.zmq.MessageTestHarnessTest" time="0.112"/>
  <system-out><![CDATA[Starting...
Started...
Stopping...
Stopped...
]]></system-out>
  <system-err><![CDATA[]]></system-err>
</testsuite>
